#
# A fatal error has been detected by the Java Runtime Environment:
#
#  Internal Error (classFileParser.cpp:3075), pid=896, tid=3056
#  Error: ShouldNotReachHere()
#
# JRE version: 6.0_17-b04
# Java VM: Java HotSpot(TM) Client VM (14.3-b01 mixed mode windows-x86 )
# If you would like to submit a bug report, please visit:
#   http://java.sun.com/webapps/bugreport/crash.jsp
#

---------------  T H R E A D  ---------------

Current thread (0x02679000):  JavaThread "Unknown thread" [_thread_in_vm, id=3056, stack(0x00280000,0x002d0000)]

Stack: [0x00280000,0x002d0000],  sp=0x002cf8f8,  free space=318k
Native frames: (J=compiled Java code, j=interpreted, Vv=VM code, C=native code)
V  [jvm.dll+0x1e66b7]
V  [jvm.dll+0xa0c09]
V  [jvm.dll+0x73792]
V  [jvm.dll+0x74e04]
V  [jvm.dll+0x1b6326]
V  [jvm.dll+0x1b69be]
V  [jvm.dll+0x1b6d75]
V  [jvm.dll+0x1b6dbb]
V  [jvm.dll+0x1b6ee2]
V  [jvm.dll+0x1b6f5a]
V  [jvm.dll+0x1b700d]
V  [jvm.dll+0x1b7222]
V  [jvm.dll+0x1d6143]
V  [jvm.dll+0x1d657c]
V  [jvm.dll+0xd66f1]
V  [jvm.dll+0x1d05d2]
V  [jvm.dll+0xfedc0]
C  [javaw.exe+0x1657]
C  [javaw.exe+0x1e2c]
C  [javaw.exe+0x833e]
C  [kernel32.dll+0x13677]
C  [ntdll.dll+0x39f42]
C  [ntdll.dll+0x39f15]


---------------  P R O C E S S  ---------------

Java Threads: ( => current thread )

Other Threads:

=>0x02679000 (exited) JavaThread "Unknown thread" [_thread_in_vm, id=3056, stack(0x00280000,0x002d0000)]

VM state:not at safepoint (not fully initialized)

VM Mutex/Monitor currently owned by a thread: None

Dynamic libraries:
0x00400000 - 0x00424000 	D:\Program Files\Java\jdk1.6.0_17\bin\javaw.exe
0x772f0000 - 0x77470000 	C:\Windows\SysWOW64\ntdll.dll
0x764f0000 - 0x76600000 	C:\Windows\syswow64\kernel32.dll
0x769e0000 - 0x76a27000 	C:\Windows\syswow64\KERNELBASE.dll
0x74a50000 - 0x74af0000 	C:\Windows\syswow64\ADVAPI32.dll
0x75460000 - 0x7550c000 	C:\Windows\syswow64\msvcrt.dll
0x75440000 - 0x75459000 	C:\Windows\SysWOW64\sechost.dll
0x76600000 - 0x766f0000 	C:\Windows\syswow64\RPCRT4.dll
0x749d0000 - 0x74a30000 	C:\Windows\syswow64\SspiCli.dll
0x749c0000 - 0x749cc000 	C:\Windows\syswow64\CRYPTBASE.dll
0x74c10000 - 0x74d10000 	C:\Windows\syswow64\USER32.dll
0x74b20000 - 0x74bb0000 	C:\Windows\syswow64\GDI32.dll
0x772c0000 - 0x772ca000 	C:\Windows\syswow64\LPK.dll
0x75130000 - 0x751cd000 	C:\Windows\syswow64\USP10.dll
0x766f0000 - 0x76750000 	C:\Windows\system32\IMM32.DLL
0x75370000 - 0x7543c000 	C:\Windows\syswow64\MSCTF.dll
0x7c340000 - 0x7c396000 	D:\Program Files\Java\jdk1.6.0_17\jre\bin\msvcr71.dll
0x6d8b0000 - 0x6db3b000 	D:\Program Files\Java\jdk1.6.0_17\jre\bin\client\jvm.dll
0x72eb0000 - 0x72ee2000 	C:\Windows\system32\WINMM.dll
0x72220000 - 0x7226b000 	C:\Windows\system32\apphelp.dll
0x6d860000 - 0x6d86c000 	D:\Program Files\Java\jdk1.6.0_17\jre\bin\verify.dll
0x6d3e0000 - 0x6d3ff000 	D:\Program Files\Java\jdk1.6.0_17\jre\bin\java.dll
0x6d340000 - 0x6d348000 	D:\Program Files\Java\jdk1.6.0_17\jre\bin\hpi.dll
0x74a40000 - 0x74a45000 	C:\Windows\syswow64\PSAPI.DLL
0x6d8a0000 - 0x6d8af000 	D:\Program Files\Java\jdk1.6.0_17\jre\bin\zip.dll

VM Arguments:
jvm_args: -Dfile.encoding=UTF-8 -Xbootclasspath:D:\Program Files\Android-Sdks\platforms\android-17\android.jar 
java_command: com.mdmp.android.DataAgent
Launcher Type: SUN_STANDARD

Environment Variables:
JAVA_HOME=D:\Program Files\Java\jdk1.6.0_17\bin
CLASSPATH=.;C:\Program Files\QuickTime\QTSystem\QTJava.zip;d:\MyCloud\Tools\[ÎÄ±¾±à¼­]vim73\
PATH=C:/Program Files (x86)/Java/jre6/bin/client;C:/Program Files (x86)/Java/jre6/bin;C:/Program Files (x86)/Java/jre6/lib/i386;C:\Program Files (x86)\PC Connectivity Solution\;C:\Windows\system32;C:\Windows;C:\Windows\System32\Wbem;C:\Windows\System32\WindowsPowerShell\v1.0\;E:\Program Files\Windows7Master;D:\Program Files\Java\jdk1.6.0_17;C:\Program Files\Common Files\TTKN\Bin\;C:\Program Files\QuickTime\QTSystem\;D:\Program Files\Java\jdk1.6.0_17\;D:\Program Files\Java\jdk1.6.0_17\bin;D:\Program Files\eclipse\eclipse-jee-indigo-win32;
USERNAME=dream
OS=Windows_NT
PROCESSOR_IDENTIFIER=Intel64 Family 6 Model 23 Stepping 6, GenuineIntel



---------------  S Y S T E M  ---------------

OS: Windows 7 Build 7600 

CPU:total 2 (2 cores per cpu, 1 threads per core) family 6 model 23 stepping 6, cmov, cx8, fxsr, mmx, sse, sse2, sse3, ssse3, sse4.1

Memory: 4k page, physical 4193528k(1599264k free), swap 4194303k(4194303k free)

vm_info: Java HotSpot(TM) Client VM (14.3-b01) for windows-x86 JRE (1.6.0_17-b04), built on Oct 11 2009 00:52:06 by "java_re" with MS VC++ 7.1

time: Sat Apr 13 16:34:38 2013
elapsed time: 0 seconds

